<?xml version="1.0" encoding="UTF-8"?>
<!-- Generated by org.testng.reporters.JUnitXMLReporter -->
<testsuite ignored="0" hostname="DESKTOP-LHK4KF7" failures="5" tests="5" name="SmokeTests" time="0.062" errors="0" timestamp="2025-09-17T17:14:03 IST">
  <testcase classname="SmokeTesting.TC_Ecom_Sanity_001" name="verifyOpenUrlInDifferentBrowsers" time="0.0">
    <failure type="org.testng.TestNGException" message="
Parameter &amp;apos;browser&amp;apos; is required by @Test on method verifyOpenUrlInDifferentBrowsers but has not been marked @Optional or defined
in C:\Users\Dell\Desktop\Git repo\Ecomm\E-comm-Web-Application\testng2.xml">
      <![CDATA[org.testng.TestNGException: 
Parameter 'browser' is required by @Test on method verifyOpenUrlInDifferentBrowsers but has not been marked @Optional or defined
in C:\Users\Dell\Desktop\Git repo\Ecomm\E-comm-Web-Application\testng2.xml
at java.base/java.util.ArrayList.forEach(ArrayList.java:1596)
... Removed 26 stack frames]]>
    </failure>
  </testcase> <!-- verifyOpenUrlInDifferentBrowsers -->
  <testcase classname="SmokeTesting.TC_Ecom_Sanity_002" name="verifyNavigationLinks" time="0.006">
    <failure type="java.lang.NullPointerException" message="Cannot invoke &amp;quot;com.aventstack.extentreports.ExtentReports.createTest(String)&amp;quot; because &amp;quot;SmokeTesting.TC_Ecom_Sanity_002.extent&amp;quot; is null">
      <![CDATA[java.lang.NullPointerException: Cannot invoke "com.aventstack.extentreports.ExtentReports.createTest(String)" because "SmokeTesting.TC_Ecom_Sanity_002.extent" is null
at SmokeTesting.TC_Ecom_Sanity_002.verifyNavigationLinks(TC_Ecom_Sanity_002.java:16)
at java.base/java.util.ArrayList.forEach(ArrayList.java:1596)
... Removed 25 stack frames]]>
    </failure>
  </testcase> <!-- verifyNavigationLinks -->
  <testcase classname="SmokeTesting.TC_Ecom_Sanity_003" name="verifyProductDisplay" time="0.001">
    <failure type="java.lang.NullPointerException" message="Cannot invoke &amp;quot;com.aventstack.extentreports.ExtentReports.createTest(String)&amp;quot; because &amp;quot;SmokeTesting.TC_Ecom_Sanity_003.extent&amp;quot; is null">
      <![CDATA[java.lang.NullPointerException: Cannot invoke "com.aventstack.extentreports.ExtentReports.createTest(String)" because "SmokeTesting.TC_Ecom_Sanity_003.extent" is null
at SmokeTesting.TC_Ecom_Sanity_003.verifyProductDisplay(TC_Ecom_Sanity_003.java:18)
at java.base/java.util.ArrayList.forEach(ArrayList.java:1596)
... Removed 25 stack frames]]>
    </failure>
  </testcase> <!-- verifyProductDisplay -->
  <testcase classname="SmokeTesting.TC_Ecom_Sanity_004" name="verifyCartFunctionality" time="0.002">
    <failure type="java.lang.NullPointerException" message="Cannot invoke &amp;quot;com.aventstack.extentreports.ExtentReports.createTest(String)&amp;quot; because &amp;quot;SmokeTesting.TC_Ecom_Sanity_004.extent&amp;quot; is null">
      <![CDATA[java.lang.NullPointerException: Cannot invoke "com.aventstack.extentreports.ExtentReports.createTest(String)" because "SmokeTesting.TC_Ecom_Sanity_004.extent" is null
at SmokeTesting.TC_Ecom_Sanity_004.verifyCartFunctionality(TC_Ecom_Sanity_004.java:13)
at java.base/java.util.ArrayList.forEach(ArrayList.java:1596)
... Removed 25 stack frames]]>
    </failure>
  </testcase> <!-- verifyCartFunctionality -->
  <testcase classname="SmokeTesting.TC_Ecom_Sanity_005" name="verifySignupAndLoginForms" time="0.001">
    <failure type="java.lang.NullPointerException" message="Cannot invoke &amp;quot;com.aventstack.extentreports.ExtentReports.createTest(String)&amp;quot; because &amp;quot;SmokeTesting.TC_Ecom_Sanity_005.extent&amp;quot; is null">
      <![CDATA[java.lang.NullPointerException: Cannot invoke "com.aventstack.extentreports.ExtentReports.createTest(String)" because "SmokeTesting.TC_Ecom_Sanity_005.extent" is null
at SmokeTesting.TC_Ecom_Sanity_005.verifySignupAndLoginForms(TC_Ecom_Sanity_005.java:12)
at java.base/java.util.ArrayList.forEach(ArrayList.java:1596)
... Removed 25 stack frames]]>
    </failure>
  </testcase> <!-- verifySignupAndLoginForms -->
</testsuite> <!-- SmokeTests -->
