<?xml version="1.0" encoding="UTF-8"?>
<!-- Generated by org.testng.reporters.JUnitXMLReporter -->
<testsuite ignored="0" hostname="DSP" failures="0" tests="1" name="Test" time="0.05" errors="0" timestamp="2025-09-02T17:17:42 IST">
  <testcase classname="com.Ecomm.base.BaseTest" name="@BeforeMethod setup" time="-1.756813662351E9">
    <failure type="org.testng.TestNGException" message="
Parameter &amp;apos;browser&amp;apos; is required by BeforeMethod on method setup but has not been marked @Optional or defined
in C:\Users\Windows\git\E-comm-Web-Application\testng_TC025.xml">
      <![CDATA[org.testng.TestNGException: 
Parameter 'browser' is required by BeforeMethod on method setup but has not been marked @Optional or defined
in C:\Users\Windows\git\E-comm-Web-Application\testng_TC025.xml
at java.base/java.util.ArrayList.forEach(ArrayList.java:1596)
... Removed 28 stack frames]]>
    </failure>
  </testcase> <!-- @BeforeMethod setup -->
  <testcase classname="com.Ecomm.base.BaseTest" name="@AfterMethod tearDown" time="0.0">
    <skipped/>
  </testcase> <!-- @AfterMethod tearDown -->
  <testcase classname="RegistrationPageAutomation.TC_ECOM_Reg_025" name="verifyYearDropdownInSignupPage" time="0.0">
    <skipped/>
  </testcase> <!-- verifyYearDropdownInSignupPage -->
</testsuite> <!-- Test -->
