<?xml version="1.0" encoding="UTF-8"?>
<!-- Generated by org.testng.reporters.JUnitReportReporter -->
<testsuite hostname="JayaBalaram" failures="4" tests="111" name="UI_LoginPage.LoginTest" time="2135.795" errors="0" timestamp="2025-09-07T18:49:47 IST" skipped="0">
  <testcase classname="UI_LoginPage.LoginTest" name="testValidEmailFormat" time="1.500"/>
  <testcase classname="UI_LoginPage.LoginTest" name="testValidEmailFormat" time="2.098"/>
  <testcase classname="UI_LoginPage.LoginTest" name="testValidEmailFormat" time="1.406"/>
  <testcase classname="UI_LoginPage.LoginTest" name="testValidEmailFormat" time="1.473"/>
  <testcase classname="UI_LoginPage.LoginTest" name="testValidEmailFormat" time="1.324"/>
  <testcase classname="UI_LoginPage.LoginTest" name="testValidEmailFormat" time="1.671"/>
  <testcase classname="UI_LoginPage.LoginTest" name="testValidEmailFormat" time="2.588"/>
  <testcase classname="UI_LoginPage.LoginTest" name="testValidEmailFormat" time="1.157"/>
  <testcase classname="UI_LoginPage.LoginTest" name="testValidEmailFormat" time="1.409"/>
  <testcase classname="UI_LoginPage.LoginTest" name="testValidEmailFormat" time="4.498"/>
  <testcase classname="UI_LoginPage.LoginTest" name="testValidEmailFormat" time="1.094"/>
  <testcase classname="UI_LoginPage.LoginTest" name="testValidEmailFormat" time="1.169">
    <failure message="Invalid email format should be rejected: @missing-local.com expected [false] but found [true]" type="java.lang.AssertionError">
      <![CDATA[java.lang.AssertionError: Invalid email format should be rejected: @missing-local.com expected [false] but found [true]
at org.testng.Assert.fail(Assert.java:111)
at org.testng.Assert.failNotEquals(Assert.java:1590)
at org.testng.Assert.assertFalse(Assert.java:79)
at UI_LoginPage.LoginTest.testValidEmailFormat(LoginTest.java:58)
at java.base/jdk.internal.reflect.NativeMethodAccessorImpl.invoke0(Native Method)
at java.base/jdk.internal.reflect.NativeMethodAccessorImpl.invoke(NativeMethodAccessorImpl.java:77)
at java.base/jdk.internal.reflect.DelegatingMethodAccessorImpl.invoke(DelegatingMethodAccessorImpl.java:43)
at java.base/java.lang.reflect.Method.invoke(Method.java:568)
at org.testng.internal.invokers.MethodInvocationHelper.invokeMethod(MethodInvocationHelper.java:141)
at org.testng.internal.invokers.TestInvoker.invokeMethod(TestInvoker.java:687)
at org.testng.internal.invokers.TestInvoker.invokeTestMethod(TestInvoker.java:230)
at org.testng.internal.invokers.MethodRunner.runInSequence(MethodRunner.java:63)
at org.testng.internal.invokers.TestInvoker$MethodInvocationAgent.invoke(TestInvoker.java:995)
at org.testng.internal.invokers.TestInvoker.invokeTestMethods(TestInvoker.java:203)
at org.testng.internal.invokers.TestMethodWorker.invokeTestMethods(TestMethodWorker.java:154)
at org.testng.internal.invokers.TestMethodWorker.run(TestMethodWorker.java:134)
at java.base/java.util.ArrayList.forEach(ArrayList.java:1511)
at org.testng.TestRunner.privateRun(TestRunner.java:741)
at org.testng.TestRunner.run(TestRunner.java:616)
at org.testng.SuiteRunner.runTest(SuiteRunner.java:421)
at org.testng.SuiteRunner.runSequentially(SuiteRunner.java:413)
at org.testng.SuiteRunner.privateRun(SuiteRunner.java:373)
at org.testng.SuiteRunner.run(SuiteRunner.java:312)
at org.testng.SuiteRunnerWorker.runSuite(SuiteRunnerWorker.java:52)
at org.testng.SuiteRunnerWorker.run(SuiteRunnerWorker.java:95)
at org.testng.TestNG.runSuitesSequentially(TestNG.java:1274)
at org.testng.TestNG.runSuitesLocally(TestNG.java:1208)
at org.testng.TestNG.runSuites(TestNG.java:1112)
at org.testng.TestNG.run(TestNG.java:1079)
at org.testng.remote.AbstractRemoteTestNG.run(AbstractRemoteTestNG.java:115)
at org.testng.remote.RemoteTestNG.initAndRun(RemoteTestNG.java:293)
at org.testng.remote.RemoteTestNG.main(RemoteTestNG.java:91)
]]>
    </failure>
  </testcase> <!-- testValidEmailFormat -->
  <testcase classname="UI_LoginPage.LoginTest" name="testValidEmailFormat" time="2.904"/>
  <testcase classname="UI_LoginPage.LoginTest" name="testValidEmailFormat" time="4.673"/>
  <testcase classname="UI_LoginPage.LoginTest" name="testValidEmailFormat" time="3.880"/>
  <testcase classname="UI_LoginPage.LoginTest" name="testValidEmailFormat" time="1.018"/>
  <testcase classname="UI_LoginPage.LoginTest" name="testValidEmailFormat" time="5.759"/>
  <testcase classname="UI_LoginPage.LoginTest" name="testValidEmailFormat" time="4.867"/>
  <testcase classname="UI_LoginPage.LoginTest" name="testValidEmailFormat" time="1.443"/>
  <testcase classname="UI_LoginPage.LoginTest" name="testValidEmailFormat" time="1.279"/>
  <testcase classname="UI_LoginPage.LoginTest" name="testValidEmailFormat" time="2.184"/>
  <testcase classname="UI_LoginPage.LoginTest" name="testValidEmailFormat" time="2.803"/>
  <testcase classname="UI_LoginPage.LoginTest" name="testPasswordStrengthValidation" time="1.590"/>
  <testcase classname="UI_LoginPage.LoginTest" name="testPasswordStrengthValidation" time="1.327"/>
  <testcase classname="UI_LoginPage.LoginTest" name="testPasswordStrengthValidation" time="1.958"/>
  <testcase classname="UI_LoginPage.LoginTest" name="testPasswordStrengthValidation" time="2.439"/>
  <testcase classname="UI_LoginPage.LoginTest" name="testPasswordStrengthValidation" time="2.748"/>
  <testcase classname="UI_LoginPage.LoginTest" name="testPasswordStrengthValidation" time="2.507"/>
  <testcase classname="UI_LoginPage.LoginTest" name="testPasswordStrengthValidation" time="1.425"/>
  <testcase classname="UI_LoginPage.LoginTest" name="testPasswordStrengthValidation" time="1.629"/>
  <testcase classname="UI_LoginPage.LoginTest" name="testPasswordStrengthValidation" time="4.404"/>
  <testcase classname="UI_LoginPage.LoginTest" name="testPasswordStrengthValidation" time="1.307"/>
  <testcase classname="UI_LoginPage.LoginTest" name="testPasswordStrengthValidation" time="4.448"/>
  <testcase classname="UI_LoginPage.LoginTest" name="testPasswordStrengthValidation" time="1.576">
    <failure message="Weak password detected - should fail validation: weak expected [true] but found [false]" type="java.lang.AssertionError">
      <![CDATA[java.lang.AssertionError: Weak password detected - should fail validation: weak expected [true] but found [false]
at org.testng.Assert.fail(Assert.java:111)
at org.testng.Assert.failNotEquals(Assert.java:1590)
at org.testng.Assert.assertTrue(Assert.java:57)
at UI_LoginPage.LoginTest.testPasswordStrengthValidation(LoginTest.java:90)
at java.base/jdk.internal.reflect.NativeMethodAccessorImpl.invoke0(Native Method)
at java.base/jdk.internal.reflect.NativeMethodAccessorImpl.invoke(NativeMethodAccessorImpl.java:77)
at java.base/jdk.internal.reflect.DelegatingMethodAccessorImpl.invoke(DelegatingMethodAccessorImpl.java:43)
at java.base/java.lang.reflect.Method.invoke(Method.java:568)
at org.testng.internal.invokers.MethodInvocationHelper.invokeMethod(MethodInvocationHelper.java:141)
at org.testng.internal.invokers.TestInvoker.invokeMethod(TestInvoker.java:687)
at org.testng.internal.invokers.TestInvoker.invokeTestMethod(TestInvoker.java:230)
at org.testng.internal.invokers.MethodRunner.runInSequence(MethodRunner.java:63)
at org.testng.internal.invokers.TestInvoker$MethodInvocationAgent.invoke(TestInvoker.java:995)
at org.testng.internal.invokers.TestInvoker.invokeTestMethods(TestInvoker.java:203)
at org.testng.internal.invokers.TestMethodWorker.invokeTestMethods(TestMethodWorker.java:154)
at org.testng.internal.invokers.TestMethodWorker.run(TestMethodWorker.java:134)
at java.base/java.util.ArrayList.forEach(ArrayList.java:1511)
at org.testng.TestRunner.privateRun(TestRunner.java:741)
at org.testng.TestRunner.run(TestRunner.java:616)
at org.testng.SuiteRunner.runTest(SuiteRunner.java:421)
at org.testng.SuiteRunner.runSequentially(SuiteRunner.java:413)
at org.testng.SuiteRunner.privateRun(SuiteRunner.java:373)
at org.testng.SuiteRunner.run(SuiteRunner.java:312)
at org.testng.SuiteRunnerWorker.runSuite(SuiteRunnerWorker.java:52)
at org.testng.SuiteRunnerWorker.run(SuiteRunnerWorker.java:95)
at org.testng.TestNG.runSuitesSequentially(TestNG.java:1274)
at org.testng.TestNG.runSuitesLocally(TestNG.java:1208)
at org.testng.TestNG.runSuites(TestNG.java:1112)
at org.testng.TestNG.run(TestNG.java:1079)
at org.testng.remote.AbstractRemoteTestNG.run(AbstractRemoteTestNG.java:115)
at org.testng.remote.RemoteTestNG.initAndRun(RemoteTestNG.java:293)
at org.testng.remote.RemoteTestNG.main(RemoteTestNG.java:91)
]]>
    </failure>
  </testcase> <!-- testPasswordStrengthValidation -->
  <testcase classname="UI_LoginPage.LoginTest" name="testPasswordStrengthValidation" time="2.607">
    <failure message="Weak password detected - should fail validation:  expected [true] but found [false]" type="java.lang.AssertionError">
      <![CDATA[java.lang.AssertionError: Weak password detected - should fail validation:  expected [true] but found [false]
at org.testng.Assert.fail(Assert.java:111)
at org.testng.Assert.failNotEquals(Assert.java:1590)
at org.testng.Assert.assertTrue(Assert.java:57)
at UI_LoginPage.LoginTest.testPasswordStrengthValidation(LoginTest.java:90)
at java.base/jdk.internal.reflect.NativeMethodAccessorImpl.invoke0(Native Method)
at java.base/jdk.internal.reflect.NativeMethodAccessorImpl.invoke(NativeMethodAccessorImpl.java:77)
at java.base/jdk.internal.reflect.DelegatingMethodAccessorImpl.invoke(DelegatingMethodAccessorImpl.java:43)
at java.base/java.lang.reflect.Method.invoke(Method.java:568)
at org.testng.internal.invokers.MethodInvocationHelper.invokeMethod(MethodInvocationHelper.java:141)
at org.testng.internal.invokers.TestInvoker.invokeMethod(TestInvoker.java:687)
at org.testng.internal.invokers.TestInvoker.invokeTestMethod(TestInvoker.java:230)
at org.testng.internal.invokers.MethodRunner.runInSequence(MethodRunner.java:63)
at org.testng.internal.invokers.TestInvoker$MethodInvocationAgent.invoke(TestInvoker.java:995)
at org.testng.internal.invokers.TestInvoker.invokeTestMethods(TestInvoker.java:203)
at org.testng.internal.invokers.TestMethodWorker.invokeTestMethods(TestMethodWorker.java:154)
at org.testng.internal.invokers.TestMethodWorker.run(TestMethodWorker.java:134)
at java.base/java.util.ArrayList.forEach(ArrayList.java:1511)
at org.testng.TestRunner.privateRun(TestRunner.java:741)
at org.testng.TestRunner.run(TestRunner.java:616)
at org.testng.SuiteRunner.runTest(SuiteRunner.java:421)
at org.testng.SuiteRunner.runSequentially(SuiteRunner.java:413)
at org.testng.SuiteRunner.privateRun(SuiteRunner.java:373)
at org.testng.SuiteRunner.run(SuiteRunner.java:312)
at org.testng.SuiteRunnerWorker.runSuite(SuiteRunnerWorker.java:52)
at org.testng.SuiteRunnerWorker.run(SuiteRunnerWorker.java:95)
at org.testng.TestNG.runSuitesSequentially(TestNG.java:1274)
at org.testng.TestNG.runSuitesLocally(TestNG.java:1208)
at org.testng.TestNG.runSuites(TestNG.java:1112)
at org.testng.TestNG.run(TestNG.java:1079)
at org.testng.remote.AbstractRemoteTestNG.run(AbstractRemoteTestNG.java:115)
at org.testng.remote.RemoteTestNG.initAndRun(RemoteTestNG.java:293)
at org.testng.remote.RemoteTestNG.main(RemoteTestNG.java:91)
]]>
    </failure>
  </testcase> <!-- testPasswordStrengthValidation -->
  <testcase classname="UI_LoginPage.LoginTest" name="testPasswordStrengthValidation" time="2.197"/>
  <testcase classname="UI_LoginPage.LoginTest" name="testPasswordStrengthValidation" time="1.491"/>
  <testcase classname="UI_LoginPage.LoginTest" name="testPasswordStrengthValidation" time="2.883"/>
  <testcase classname="UI_LoginPage.LoginTest" name="testPasswordStrengthValidation" time="1.491">
    <failure message="Weak password detected - should fail validation: 123 expected [true] but found [false]" type="java.lang.AssertionError">
      <![CDATA[java.lang.AssertionError: Weak password detected - should fail validation: 123 expected [true] but found [false]
at org.testng.Assert.fail(Assert.java:111)
at org.testng.Assert.failNotEquals(Assert.java:1590)
at org.testng.Assert.assertTrue(Assert.java:57)
at UI_LoginPage.LoginTest.testPasswordStrengthValidation(LoginTest.java:90)
at java.base/jdk.internal.reflect.NativeMethodAccessorImpl.invoke0(Native Method)
at java.base/jdk.internal.reflect.NativeMethodAccessorImpl.invoke(NativeMethodAccessorImpl.java:77)
at java.base/jdk.internal.reflect.DelegatingMethodAccessorImpl.invoke(DelegatingMethodAccessorImpl.java:43)
at java.base/java.lang.reflect.Method.invoke(Method.java:568)
at org.testng.internal.invokers.MethodInvocationHelper.invokeMethod(MethodInvocationHelper.java:141)
at org.testng.internal.invokers.TestInvoker.invokeMethod(TestInvoker.java:687)
at org.testng.internal.invokers.TestInvoker.invokeTestMethod(TestInvoker.java:230)
at org.testng.internal.invokers.MethodRunner.runInSequence(MethodRunner.java:63)
at org.testng.internal.invokers.TestInvoker$MethodInvocationAgent.invoke(TestInvoker.java:995)
at org.testng.internal.invokers.TestInvoker.invokeTestMethods(TestInvoker.java:203)
at org.testng.internal.invokers.TestMethodWorker.invokeTestMethods(TestMethodWorker.java:154)
at org.testng.internal.invokers.TestMethodWorker.run(TestMethodWorker.java:134)
at java.base/java.util.ArrayList.forEach(ArrayList.java:1511)
at org.testng.TestRunner.privateRun(TestRunner.java:741)
at org.testng.TestRunner.run(TestRunner.java:616)
at org.testng.SuiteRunner.runTest(SuiteRunner.java:421)
at org.testng.SuiteRunner.runSequentially(SuiteRunner.java:413)
at org.testng.SuiteRunner.privateRun(SuiteRunner.java:373)
at org.testng.SuiteRunner.run(SuiteRunner.java:312)
at org.testng.SuiteRunnerWorker.runSuite(SuiteRunnerWorker.java:52)
at org.testng.SuiteRunnerWorker.run(SuiteRunnerWorker.java:95)
at org.testng.TestNG.runSuitesSequentially(TestNG.java:1274)
at org.testng.TestNG.runSuitesLocally(TestNG.java:1208)
at org.testng.TestNG.runSuites(TestNG.java:1112)
at org.testng.TestNG.run(TestNG.java:1079)
at org.testng.remote.AbstractRemoteTestNG.run(AbstractRemoteTestNG.java:115)
at org.testng.remote.RemoteTestNG.initAndRun(RemoteTestNG.java:293)
at org.testng.remote.RemoteTestNG.main(RemoteTestNG.java:91)
]]>
    </failure>
  </testcase> <!-- testPasswordStrengthValidation -->
  <testcase classname="UI_LoginPage.LoginTest" name="testPasswordStrengthValidation" time="1.519"/>
  <testcase classname="UI_LoginPage.LoginTest" name="testPasswordStrengthValidation" time="1.187"/>
  <testcase classname="UI_LoginPage.LoginTest" name="testPasswordStrengthValidation" time="3.115"/>
  <testcase classname="UI_LoginPage.LoginTest" name="testPasswordStrengthValidation" time="3.333"/>
  <testcase classname="UI_LoginPage.LoginTest" name="testPasswordStrengthValidation" time="7.317"/>
  <testcase classname="UI_LoginPage.LoginTest" name="testLoginAuthentication" time="27.233"/>
  <testcase classname="UI_LoginPage.LoginTest" name="testLoginAuthentication" time="73.108"/>
  <testcase classname="UI_LoginPage.LoginTest" name="testLoginAuthentication" time="39.749"/>
  <testcase classname="UI_LoginPage.LoginTest" name="testLoginAuthentication" time="66.386"/>
  <testcase classname="UI_LoginPage.LoginTest" name="testLoginAuthentication" time="28.787"/>
  <testcase classname="UI_LoginPage.LoginTest" name="testLoginAuthentication" time="26.312"/>
  <testcase classname="UI_LoginPage.LoginTest" name="testLoginAuthentication" time="27.709"/>
  <testcase classname="UI_LoginPage.LoginTest" name="testLoginAuthentication" time="26.953"/>
  <testcase classname="UI_LoginPage.LoginTest" name="testLoginAuthentication" time="26.622"/>
  <testcase classname="UI_LoginPage.LoginTest" name="testLoginAuthentication" time="25.970"/>
  <testcase classname="UI_LoginPage.LoginTest" name="testLoginAuthentication" time="26.395"/>
  <testcase classname="UI_LoginPage.LoginTest" name="testLoginAuthentication" time="26.563"/>
  <testcase classname="UI_LoginPage.LoginTest" name="testLoginAuthentication" time="65.027"/>
  <testcase classname="UI_LoginPage.LoginTest" name="testLoginAuthentication" time="69.542"/>
  <testcase classname="UI_LoginPage.LoginTest" name="testLoginAuthentication" time="27.576"/>
  <testcase classname="UI_LoginPage.LoginTest" name="testLoginAuthentication" time="26.796"/>
  <testcase classname="UI_LoginPage.LoginTest" name="testLoginAuthentication" time="28.188"/>
  <testcase classname="UI_LoginPage.LoginTest" name="testLoginAuthentication" time="51.037"/>
  <testcase classname="UI_LoginPage.LoginTest" name="testLoginAuthentication" time="26.534"/>
  <testcase classname="UI_LoginPage.LoginTest" name="testLoginAuthentication" time="65.107"/>
  <testcase classname="UI_LoginPage.LoginTest" name="testLoginAuthentication" time="29.887"/>
  <testcase classname="UI_LoginPage.LoginTest" name="testLoginAuthentication" time="25.286"/>
  <testcase classname="UI_LoginPage.LoginTest" name="testInvalidEmailRejection" time="4.904"/>
  <testcase classname="UI_LoginPage.LoginTest" name="testInvalidEmailRejection" time="1.292"/>
  <testcase classname="UI_LoginPage.LoginTest" name="testInvalidEmailRejection" time="2.255"/>
  <testcase classname="UI_LoginPage.LoginTest" name="testInvalidEmailRejection" time="2.848"/>
  <testcase classname="UI_LoginPage.LoginTest" name="testInvalidEmailRejection" time="28.067"/>
  <testcase classname="UI_LoginPage.LoginTest" name="testInvalidEmailRejection" time="1.866"/>
  <testcase classname="UI_LoginPage.LoginTest" name="testInvalidEmailRejection" time="0.872"/>
  <testcase classname="UI_LoginPage.LoginTest" name="testInvalidEmailRejection" time="26.612"/>
  <testcase classname="UI_LoginPage.LoginTest" name="testInvalidEmailRejection" time="3.153"/>
  <testcase classname="UI_LoginPage.LoginTest" name="testInvalidEmailRejection" time="65.071"/>
  <testcase classname="UI_LoginPage.LoginTest" name="testInvalidEmailRejection" time="1.179"/>
  <testcase classname="UI_LoginPage.LoginTest" name="testInvalidEmailRejection" time="64.211"/>
  <testcase classname="UI_LoginPage.LoginTest" name="testInvalidEmailRejection" time="25.286"/>
  <testcase classname="UI_LoginPage.LoginTest" name="testInvalidEmailRejection" time="2.287"/>
  <testcase classname="UI_LoginPage.LoginTest" name="testInvalidEmailRejection" time="0.850"/>
  <testcase classname="UI_LoginPage.LoginTest" name="testInvalidEmailRejection" time="0.863"/>
  <testcase classname="UI_LoginPage.LoginTest" name="testInvalidEmailRejection" time="64.037"/>
  <testcase classname="UI_LoginPage.LoginTest" name="testInvalidEmailRejection" time="2.745"/>
  <testcase classname="UI_LoginPage.LoginTest" name="testInvalidEmailRejection" time="2.546"/>
  <testcase classname="UI_LoginPage.LoginTest" name="testInvalidEmailRejection" time="3.422"/>
  <testcase classname="UI_LoginPage.LoginTest" name="testInvalidEmailRejection" time="65.306"/>
  <testcase classname="UI_LoginPage.LoginTest" name="testInvalidEmailRejection" time="1.259"/>
  <testcase classname="UI_LoginPage.LoginTest" name="testCredentialMismatch" time="26.883"/>
  <testcase classname="UI_LoginPage.LoginTest" name="testCredentialMismatch" time="30.490"/>
  <testcase classname="UI_LoginPage.LoginTest" name="testCredentialMismatch" time="27.282"/>
  <testcase classname="UI_LoginPage.LoginTest" name="testCredentialMismatch" time="25.328"/>
  <testcase classname="UI_LoginPage.LoginTest" name="testCredentialMismatch" time="66.420"/>
  <testcase classname="UI_LoginPage.LoginTest" name="testCredentialMismatch" time="29.750"/>
  <testcase classname="UI_LoginPage.LoginTest" name="testCredentialMismatch" time="27.226"/>
  <testcase classname="UI_LoginPage.LoginTest" name="testCredentialMismatch" time="26.340"/>
  <testcase classname="UI_LoginPage.LoginTest" name="testCredentialMismatch" time="28.881"/>
  <testcase classname="UI_LoginPage.LoginTest" name="testCredentialMismatch" time="26.006"/>
  <testcase classname="UI_LoginPage.LoginTest" name="testCredentialMismatch" time="64.956"/>
  <testcase classname="UI_LoginPage.LoginTest" name="testCredentialMismatch" time="65.789"/>
  <testcase classname="UI_LoginPage.LoginTest" name="testCredentialMismatch" time="25.140"/>
  <testcase classname="UI_LoginPage.LoginTest" name="testCredentialMismatch" time="27.649"/>
  <testcase classname="UI_LoginPage.LoginTest" name="testCredentialMismatch" time="0.752"/>
  <testcase classname="UI_LoginPage.LoginTest" name="testCredentialMismatch" time="25.322"/>
  <testcase classname="UI_LoginPage.LoginTest" name="testCredentialMismatch" time="30.616"/>
  <testcase classname="UI_LoginPage.LoginTest" name="testCredentialMismatch" time="26.462"/>
  <testcase classname="UI_LoginPage.LoginTest" name="testCredentialMismatch" time="30.257"/>
  <testcase classname="UI_LoginPage.LoginTest" name="testCredentialMismatch" time="27.242"/>
  <testcase classname="UI_LoginPage.LoginTest" name="testCredentialMismatch" time="66.497"/>
  <testcase classname="UI_LoginPage.LoginTest" name="testCredentialMismatch" time="66.160"/>
  <testcase classname="UI_LoginPage.LoginTest" name="testEmptyFields" time="49.954"/>
</testsuite> <!-- UI_LoginPage.LoginTest -->
